<?xml version="1.0" encoding="UTF-8"?>
<coverage generated="1738172306106" clover="3.2.0">
  <project timestamp="1738172306107" name="All files">
    <metrics statements="113" coveredstatements="79" conditionals="43" coveredconditionals="32" methods="18" coveredmethods="15" elements="174" coveredelements="126" complexity="0" loc="113" ncloc="113" packages="1" files="1" classes="1"/>
    <file name="battleship.js" path="C:\Users\User\Documents\Webslinger\TOP\Battleships\Battleships\src\battleship.js">
      <metrics statements="113" coveredstatements="79" conditionals="43" coveredconditionals="32" methods="18" coveredmethods="15"/>
      <line num="3" count="44" type="stmt"/>
      <line num="4" count="44" type="stmt"/>
      <line num="5" count="44" type="stmt"/>
      <line num="6" count="44" type="stmt"/>
      <line num="7" count="44" type="stmt"/>
      <line num="11" count="56" type="stmt"/>
      <line num="15" count="4" type="cond" truecount="2" falsecount="0"/>
      <line num="16" count="3" type="stmt"/>
      <line num="18" count="1" type="stmt"/>
      <line num="23" count="0" type="stmt"/>
      <line num="24" count="0" type="cond" truecount="0" falsecount="2"/>
      <line num="25" count="0" type="stmt"/>
      <line num="33" count="18" type="stmt"/>
      <line num="34" count="18" type="stmt"/>
      <line num="35" count="18" type="stmt"/>
      <line num="36" count="18" type="stmt"/>
      <line num="37" count="18" type="stmt"/>
      <line num="38" count="180" type="stmt"/>
      <line num="39" count="180" type="stmt"/>
      <line num="40" count="180" type="stmt"/>
      <line num="45" count="44" type="stmt"/>
      <line num="46" count="44" type="stmt"/>
      <line num="47" count="44" type="cond" truecount="5" falsecount="0"/>
      <line num="48" count="41" type="stmt"/>
      <line num="51" count="44" type="stmt"/>
      <line num="56" count="44" type="cond" truecount="2" falsecount="0"/>
      <line num="57" count="14" type="stmt"/>
      <line num="58" count="55" type="cond" truecount="1" falsecount="1"/>
      <line num="59" count="0" type="stmt"/>
      <line num="64" count="30" type="stmt"/>
      <line num="65" count="106" type="cond" truecount="2" falsecount="0"/>
      <line num="66" count="3" type="stmt"/>
      <line num="72" count="41" type="stmt"/>
      <line num="76" count="42" type="stmt"/>
      <line num="78" count="42" type="cond" truecount="2" falsecount="0"/>
      <line num="80" count="15" type="cond" truecount="2" falsecount="0"/>
      <line num="81" count="14" type="stmt"/>
      <line num="84" count="14" type="cond" truecount="1" falsecount="1"/>
      <line num="85" count="14" type="stmt"/>
      <line num="86" count="55" type="stmt"/>
      <line num="87" count="55" type="stmt"/>
      <line num="89" count="14" type="stmt"/>
      <line num="92" count="0" type="stmt"/>
      <line num="96" count="1" type="stmt"/>
      <line num="102" count="27" type="cond" truecount="2" falsecount="0"/>
      <line num="103" count="26" type="stmt"/>
      <line num="106" count="26" type="cond" truecount="2" falsecount="0"/>
      <line num="107" count="25" type="stmt"/>
      <line num="108" count="93" type="stmt"/>
      <line num="109" count="93" type="stmt"/>
      <line num="111" count="25" type="stmt"/>
      <line num="113" count="1" type="stmt"/>
      <line num="116" count="1" type="stmt"/>
      <line num="122" count="5" type="stmt"/>
      <line num="126" count="2" type="stmt"/>
      <line num="130" count="3" type="stmt"/>
      <line num="134" count="463" type="stmt"/>
      <line num="135" count="463" type="stmt"/>
      <line num="137" count="463" type="cond" truecount="2" falsecount="0"/>
      <line num="138" count="230" type="stmt"/>
      <line num="139" count="884" type="stmt"/>
      <line num="142" count="233" type="stmt"/>
      <line num="143" count="943" type="stmt"/>
      <line num="147" count="463" type="stmt"/>
      <line num="151" count="161" type="stmt"/>
      <line num="152" count="463" type="stmt"/>
      <line num="154" count="463" type="stmt"/>
      <line num="155" count="1737" type="cond" truecount="4" falsecount="0"/>
      <line num="156" count="56" type="stmt"/>
      <line num="157" count="56" type="stmt"/>
      <line num="158" count="56" type="stmt"/>
      <line num="163" count="105" type="stmt"/>
      <line num="164" count="105" type="stmt"/>
      <line num="165" count="105" type="stmt"/>
      <line num="171" count="4" type="stmt"/>
      <line num="172" count="2" type="cond" truecount="2" falsecount="0"/>
      <line num="173" count="1" type="stmt"/>
      <line num="175" count="1" type="stmt"/>
      <line num="180" count="1" type="stmt"/>
      <line num="181" count="1" type="stmt"/>
      <line num="182" count="10" type="stmt"/>
      <line num="183" count="100" type="stmt"/>
      <line num="184" count="100" type="stmt"/>
      <line num="185" count="100" type="stmt"/>
      <line num="193" count="0" type="stmt"/>
      <line num="194" count="0" type="stmt"/>
      <line num="199" count="0" type="stmt"/>
      <line num="200" count="0" type="stmt"/>
      <line num="201" count="0" type="stmt"/>
      <line num="203" count="0" type="cond" truecount="0" falsecount="2"/>
      <line num="204" count="0" type="stmt"/>
      <line num="205" count="0" type="stmt"/>
      <line num="207" count="0" type="cond" truecount="0" falsecount="2"/>
      <line num="208" count="0" type="stmt"/>
      <line num="209" count="0" type="stmt"/>
      <line num="212" count="0" type="stmt"/>
      <line num="213" count="0" type="stmt"/>
      <line num="214" count="0" type="stmt"/>
      <line num="217" count="0" type="stmt"/>
      <line num="218" count="0" type="stmt"/>
      <line num="219" count="0" type="stmt"/>
      <line num="224" count="0" type="stmt"/>
      <line num="225" count="0" type="stmt"/>
      <line num="227" count="0" type="cond" truecount="0" falsecount="2"/>
      <line num="228" count="0" type="stmt"/>
      <line num="229" count="0" type="stmt"/>
      <line num="230" count="0" type="stmt"/>
      <line num="233" count="0" type="stmt"/>
      <line num="234" count="0" type="stmt"/>
      <line num="235" count="0" type="stmt"/>
      <line num="239" count="0" type="stmt"/>
      <line num="240" count="0" type="stmt"/>
      <line num="241" count="0" type="stmt"/>
    </file>
  </project>
</coverage>
