{"C:\\Users\\User\\Documents\\Webslinger\\TOP\\Battleships\\Battleships\\src\\battleship.js": {"path":"C:\\Users\\User\\Documents\\Webslinger\\TOP\\Battleships\\Battleships\\src\\battleship.js","statementMap":{"0":{"start":{"line":3,"column":8},"end":{"line":3,"column":25}},"1":{"start":{"line":4,"column":8},"end":{"line":4,"column":21}},"2":{"start":{"line":5,"column":8},"end":{"line":5,"column":23}},"3":{"start":{"line":6,"column":8},"end":{"line":6,"column":25}},"4":{"start":{"line":7,"column":8},"end":{"line":7,"column":29}},"5":{"start":{"line":11,"column":8},"end":{"line":11,"column":19}},"6":{"start":{"line":15,"column":8},"end":{"line":19,"column":9}},"7":{"start":{"line":16,"column":12},"end":{"line":16,"column":24}},"8":{"start":{"line":18,"column":12},"end":{"line":18,"column":25}},"9":{"start":{"line":23,"column":16},"end":{"line":23,"column":27}},"10":{"start":{"line":24,"column":20},"end":{"line":24,"column":67}},"11":{"start":{"line":25,"column":8},"end":{"line":25,"column":21}},"12":{"start":{"line":33,"column":8},"end":{"line":33,"column":24}},"13":{"start":{"line":34,"column":8},"end":{"line":34,"column":24}},"14":{"start":{"line":35,"column":8},"end":{"line":35,"column":23}},"15":{"start":{"line":36,"column":8},"end":{"line":36,"column":26}},"16":{"start":{"line":37,"column":8},"end":{"line":41,"column":9}},"17":{"start":{"line":37,"column":20},"end":{"line":37,"column":21}},"18":{"start":{"line":38,"column":12},"end":{"line":38,"column":51}},"19":{"start":{"line":39,"column":12},"end":{"line":39,"column":53}},"20":{"start":{"line":40,"column":12},"end":{"line":40,"column":50}},"21":{"start":{"line":45,"column":20},"end":{"line":45,"column":46}},"22":{"start":{"line":46,"column":21},"end":{"line":46,"column":26}},"23":{"start":{"line":47,"column":8},"end":{"line":49,"column":9}},"24":{"start":{"line":48,"column":10},"end":{"line":48,"column":24}},"25":{"start":{"line":51,"column":8},"end":{"line":51,"column":22}},"26":{"start":{"line":56,"column":6},"end":{"line":70,"column":7}},"27":{"start":{"line":57,"column":8},"end":{"line":61,"column":9}},"28":{"start":{"line":57,"column":20},"end":{"line":57,"column":21}},"29":{"start":{"line":58,"column":12},"end":{"line":60,"column":13}},"30":{"start":{"line":59,"column":16},"end":{"line":59,"column":29}},"31":{"start":{"line":64,"column":10},"end":{"line":68,"column":11}},"32":{"start":{"line":64,"column":22},"end":{"line":64,"column":23}},"33":{"start":{"line":65,"column":12},"end":{"line":67,"column":13}},"34":{"start":{"line":66,"column":16},"end":{"line":66,"column":29}},"35":{"start":{"line":72,"column":6},"end":{"line":72,"column":18}},"36":{"start":{"line":76,"column":21},"end":{"line":76,"column":24}},"37":{"start":{"line":82,"column":8},"end":{"line":122,"column":9}},"38":{"start":{"line":84,"column":10},"end":{"line":101,"column":11}},"39":{"start":{"line":85,"column":23},"end":{"line":85,"column":55}},"40":{"start":{"line":88,"column":12},"end":{"line":97,"column":13}},"41":{"start":{"line":89,"column":16},"end":{"line":92,"column":17}},"42":{"start":{"line":89,"column":28},"end":{"line":89,"column":29}},"43":{"start":{"line":90,"column":20},"end":{"line":90,"column":41}},"44":{"start":{"line":91,"column":20},"end":{"line":91,"column":24}},"45":{"start":{"line":93,"column":16},"end":{"line":93,"column":38}},"46":{"start":{"line":96,"column":14},"end":{"line":96,"column":58}},"47":{"start":{"line":100,"column":12},"end":{"line":100,"column":61}},"48":{"start":{"line":106,"column":12},"end":{"line":121,"column":13}},"49":{"start":{"line":107,"column":27},"end":{"line":107,"column":54}},"50":{"start":{"line":110,"column":16},"end":{"line":118,"column":17}},"51":{"start":{"line":111,"column":20},"end":{"line":114,"column":21}},"52":{"start":{"line":111,"column":32},"end":{"line":111,"column":33}},"53":{"start":{"line":112,"column":24},"end":{"line":112,"column":45}},"54":{"start":{"line":113,"column":24},"end":{"line":113,"column":28}},"55":{"start":{"line":115,"column":20},"end":{"line":115,"column":42}},"56":{"start":{"line":117,"column":20},"end":{"line":117,"column":64}},"57":{"start":{"line":120,"column":16},"end":{"line":120,"column":65}},"58":{"start":{"line":126,"column":8},"end":{"line":126,"column":26}},"59":{"start":{"line":130,"column":8},"end":{"line":130,"column":25}},"60":{"start":{"line":134,"column":8},"end":{"line":134,"column":28}},"61":{"start":{"line":138,"column":20},"end":{"line":138,"column":22}},"62":{"start":{"line":139,"column":25},"end":{"line":139,"column":33}},"63":{"start":{"line":141,"column":8},"end":{"line":149,"column":9}},"64":{"start":{"line":142,"column":12},"end":{"line":144,"column":13}},"65":{"start":{"line":142,"column":24},"end":{"line":142,"column":25}},"66":{"start":{"line":143,"column":16},"end":{"line":143,"column":50}},"67":{"start":{"line":146,"column":12},"end":{"line":148,"column":13}},"68":{"start":{"line":146,"column":24},"end":{"line":146,"column":25}},"69":{"start":{"line":147,"column":14},"end":{"line":147,"column":49}},"70":{"start":{"line":151,"column":8},"end":{"line":151,"column":21}},"71":{"start":{"line":155,"column":8},"end":{"line":165,"column":9}},"72":{"start":{"line":156,"column":34},"end":{"line":156,"column":53}},"73":{"start":{"line":158,"column":12},"end":{"line":164,"column":13}},"74":{"start":{"line":159,"column":16},"end":{"line":163,"column":17}},"75":{"start":{"line":160,"column":20},"end":{"line":160,"column":34}},"76":{"start":{"line":161,"column":20},"end":{"line":161,"column":40}},"77":{"start":{"line":162,"column":20},"end":{"line":162,"column":32}},"78":{"start":{"line":167,"column":8},"end":{"line":167,"column":31}},"79":{"start":{"line":168,"column":8},"end":{"line":168,"column":28}},"80":{"start":{"line":169,"column":8},"end":{"line":169,"column":21}},"81":{"start":{"line":175,"column":20},"end":{"line":175,"column":61}},"82":{"start":{"line":175,"column":47},"end":{"line":175,"column":60}},"83":{"start":{"line":176,"column":8},"end":{"line":180,"column":9}},"84":{"start":{"line":177,"column":12},"end":{"line":177,"column":24}},"85":{"start":{"line":179,"column":12},"end":{"line":179,"column":25}},"86":{"start":{"line":184,"column":8},"end":{"line":184,"column":24}},"87":{"start":{"line":185,"column":8},"end":{"line":191,"column":9}},"88":{"start":{"line":185,"column":20},"end":{"line":185,"column":21}},"89":{"start":{"line":186,"column":12},"end":{"line":190,"column":13}},"90":{"start":{"line":186,"column":24},"end":{"line":186,"column":25}},"91":{"start":{"line":187,"column":16},"end":{"line":187,"column":37}},"92":{"start":{"line":188,"column":16},"end":{"line":188,"column":39}},"93":{"start":{"line":189,"column":16},"end":{"line":189,"column":36}},"94":{"start":{"line":197,"column":8},"end":{"line":197,"column":25}},"95":{"start":{"line":198,"column":8},"end":{"line":198,"column":41}},"96":{"start":{"line":203,"column":12},"end":{"line":203,"column":13}},"97":{"start":{"line":203,"column":19},"end":{"line":203,"column":20}},"98":{"start":{"line":204,"column":15},"end":{"line":204,"column":27}},"99":{"start":{"line":205,"column":15},"end":{"line":205,"column":41}},"100":{"start":{"line":207,"column":4},"end":{"line":247,"column":5}},"101":{"start":{"line":208,"column":21},"end":{"line":208,"column":25}},"102":{"start":{"line":209,"column":8},"end":{"line":209,"column":43}},"103":{"start":{"line":211,"column":8},"end":{"line":224,"column":9}},"104":{"start":{"line":212,"column":10},"end":{"line":214,"column":11}},"105":{"start":{"line":213,"column":12},"end":{"line":213,"column":47}},"106":{"start":{"line":216,"column":10},"end":{"line":216,"column":24}},"107":{"start":{"line":217,"column":10},"end":{"line":217,"column":25}},"108":{"start":{"line":218,"column":10},"end":{"line":218,"column":22}},"109":{"start":{"line":221,"column":10},"end":{"line":221,"column":24}},"110":{"start":{"line":222,"column":10},"end":{"line":222,"column":25}},"111":{"start":{"line":223,"column":10},"end":{"line":223,"column":22}},"112":{"start":{"line":228,"column":8},"end":{"line":228,"column":43}},"113":{"start":{"line":229,"column":8},"end":{"line":229,"column":43}},"114":{"start":{"line":231,"column":8},"end":{"line":246,"column":9}},"115":{"start":{"line":232,"column":12},"end":{"line":235,"column":13}},"116":{"start":{"line":233,"column":16},"end":{"line":233,"column":51}},"117":{"start":{"line":234,"column":16},"end":{"line":234,"column":51}},"118":{"start":{"line":237,"column":12},"end":{"line":237,"column":26}},"119":{"start":{"line":238,"column":12},"end":{"line":238,"column":27}},"120":{"start":{"line":239,"column":12},"end":{"line":239,"column":24}},"121":{"start":{"line":243,"column":13},"end":{"line":243,"column":27}},"122":{"start":{"line":244,"column":13},"end":{"line":244,"column":28}},"123":{"start":{"line":245,"column":13},"end":{"line":245,"column":25}}},"fnMap":{"0":{"name":"(anonymous_0)","decl":{"start":{"line":2,"column":4},"end":{"line":2,"column":5}},"loc":{"start":{"line":2,"column":46},"end":{"line":8,"column":5}},"line":2},"1":{"name":"(anonymous_1)","decl":{"start":{"line":10,"column":4},"end":{"line":10,"column":5}},"loc":{"start":{"line":10,"column":12},"end":{"line":12,"column":5}},"line":10},"2":{"name":"(anonymous_2)","decl":{"start":{"line":14,"column":4},"end":{"line":14,"column":5}},"loc":{"start":{"line":14,"column":12},"end":{"line":20,"column":5}},"line":14},"3":{"name":"(anonymous_3)","decl":{"start":{"line":22,"column":4},"end":{"line":22,"column":5}},"loc":{"start":{"line":22,"column":12},"end":{"line":26,"column":5}},"line":22},"4":{"name":"(anonymous_4)","decl":{"start":{"line":32,"column":4},"end":{"line":32,"column":5}},"loc":{"start":{"line":32,"column":17},"end":{"line":42,"column":5}},"line":32},"5":{"name":"(anonymous_5)","decl":{"start":{"line":44,"column":4},"end":{"line":44,"column":5}},"loc":{"start":{"line":44,"column":29},"end":{"line":52,"column":5}},"line":44},"6":{"name":"(anonymous_6)","decl":{"start":{"line":54,"column":4},"end":{"line":54,"column":5}},"loc":{"start":{"line":54,"column":38},"end":{"line":73,"column":5}},"line":54},"7":{"name":"(anonymous_7)","decl":{"start":{"line":75,"column":4},"end":{"line":75,"column":5}},"loc":{"start":{"line":75,"column":40},"end":{"line":123,"column":5}},"line":75},"8":{"name":"(anonymous_8)","decl":{"start":{"line":125,"column":4},"end":{"line":125,"column":5}},"loc":{"start":{"line":125,"column":13},"end":{"line":127,"column":5}},"line":125},"9":{"name":"(anonymous_9)","decl":{"start":{"line":129,"column":4},"end":{"line":129,"column":5}},"loc":{"start":{"line":129,"column":13},"end":{"line":131,"column":5}},"line":129},"10":{"name":"(anonymous_10)","decl":{"start":{"line":133,"column":4},"end":{"line":133,"column":5}},"loc":{"start":{"line":133,"column":15},"end":{"line":135,"column":5}},"line":133},"11":{"name":"(anonymous_11)","decl":{"start":{"line":137,"column":4},"end":{"line":137,"column":5}},"loc":{"start":{"line":137,"column":18},"end":{"line":152,"column":5}},"line":137},"12":{"name":"(anonymous_12)","decl":{"start":{"line":154,"column":4},"end":{"line":154,"column":5}},"loc":{"start":{"line":154,"column":23},"end":{"line":171,"column":5}},"line":154},"13":{"name":"(anonymous_13)","decl":{"start":{"line":173,"column":4},"end":{"line":173,"column":5}},"loc":{"start":{"line":173,"column":10},"end":{"line":181,"column":5}},"line":173},"14":{"name":"(anonymous_14)","decl":{"start":{"line":175,"column":37},"end":{"line":175,"column":38}},"loc":{"start":{"line":175,"column":47},"end":{"line":175,"column":60}},"line":175},"15":{"name":"(anonymous_15)","decl":{"start":{"line":183,"column":4},"end":{"line":183,"column":5}},"loc":{"start":{"line":183,"column":11},"end":{"line":192,"column":5}},"line":183},"16":{"name":"(anonymous_16)","decl":{"start":{"line":196,"column":4},"end":{"line":196,"column":5}},"loc":{"start":{"line":196,"column":21},"end":{"line":199,"column":5}},"line":196},"17":{"name":"celebro","decl":{"start":{"line":202,"column":9},"end":{"line":202,"column":16}},"loc":{"start":{"line":202,"column":37},"end":{"line":249,"column":1}},"line":202}},"branchMap":{"0":{"loc":{"start":{"line":2,"column":35},"end":{"line":2,"column":45}},"type":"default-arg","locations":[{"start":{"line":2,"column":42},"end":{"line":2,"column":45}}],"line":2},"1":{"loc":{"start":{"line":15,"column":8},"end":{"line":19,"column":9}},"type":"if","locations":[{"start":{"line":15,"column":8},"end":{"line":19,"column":9}},{"start":{"line":17,"column":13},"end":{"line":19,"column":9}}],"line":15},"2":{"loc":{"start":{"line":24,"column":20},"end":{"line":24,"column":67}},"type":"cond-expr","locations":[{"start":{"line":24,"column":40},"end":{"line":24,"column":60}},{"start":{"line":24,"column":63},"end":{"line":24,"column":67}}],"line":24},"3":{"loc":{"start":{"line":47,"column":8},"end":{"line":49,"column":9}},"type":"if","locations":[{"start":{"line":47,"column":8},"end":{"line":49,"column":9}},{"start":{},"end":{}}],"line":47},"4":{"loc":{"start":{"line":47,"column":11},"end":{"line":47,"column":48}},"type":"binary-expr","locations":[{"start":{"line":47,"column":12},"end":{"line":47,"column":17}},{"start":{"line":47,"column":21},"end":{"line":47,"column":26}},{"start":{"line":47,"column":32},"end":{"line":47,"column":47}}],"line":47},"5":{"loc":{"start":{"line":54,"column":27},"end":{"line":54,"column":37}},"type":"default-arg","locations":[{"start":{"line":54,"column":34},"end":{"line":54,"column":37}}],"line":54},"6":{"loc":{"start":{"line":56,"column":6},"end":{"line":70,"column":7}},"type":"if","locations":[{"start":{"line":56,"column":6},"end":{"line":70,"column":7}},{"start":{"line":62,"column":11},"end":{"line":70,"column":7}}],"line":56},"7":{"loc":{"start":{"line":58,"column":12},"end":{"line":60,"column":13}},"type":"if","locations":[{"start":{"line":58,"column":12},"end":{"line":60,"column":13}},{"start":{},"end":{}}],"line":58},"8":{"loc":{"start":{"line":65,"column":12},"end":{"line":67,"column":13}},"type":"if","locations":[{"start":{"line":65,"column":12},"end":{"line":67,"column":13}},{"start":{},"end":{}}],"line":65},"9":{"loc":{"start":{"line":75,"column":29},"end":{"line":75,"column":39}},"type":"default-arg","locations":[{"start":{"line":75,"column":36},"end":{"line":75,"column":39}}],"line":75},"10":{"loc":{"start":{"line":82,"column":8},"end":{"line":122,"column":9}},"type":"if","locations":[{"start":{"line":82,"column":8},"end":{"line":122,"column":9}},{"start":{"line":103,"column":13},"end":{"line":122,"column":9}}],"line":82},"11":{"loc":{"start":{"line":84,"column":10},"end":{"line":101,"column":11}},"type":"if","locations":[{"start":{"line":84,"column":10},"end":{"line":101,"column":11}},{"start":{"line":99,"column":15},"end":{"line":101,"column":11}}],"line":84},"12":{"loc":{"start":{"line":88,"column":12},"end":{"line":97,"column":13}},"type":"if","locations":[{"start":{"line":88,"column":12},"end":{"line":97,"column":13}},{"start":{"line":95,"column":17},"end":{"line":97,"column":13}}],"line":88},"13":{"loc":{"start":{"line":106,"column":12},"end":{"line":121,"column":13}},"type":"if","locations":[{"start":{"line":106,"column":12},"end":{"line":121,"column":13}},{"start":{"line":119,"column":17},"end":{"line":121,"column":13}}],"line":106},"14":{"loc":{"start":{"line":110,"column":16},"end":{"line":118,"column":17}},"type":"if","locations":[{"start":{"line":110,"column":16},"end":{"line":118,"column":17}},{"start":{"line":116,"column":21},"end":{"line":118,"column":17}}],"line":110},"15":{"loc":{"start":{"line":141,"column":8},"end":{"line":149,"column":9}},"type":"if","locations":[{"start":{"line":141,"column":8},"end":{"line":149,"column":9}},{"start":{"line":145,"column":13},"end":{"line":149,"column":9}}],"line":141},"16":{"loc":{"start":{"line":159,"column":16},"end":{"line":163,"column":17}},"type":"if","locations":[{"start":{"line":159,"column":16},"end":{"line":163,"column":17}},{"start":{},"end":{}}],"line":159},"17":{"loc":{"start":{"line":159,"column":19},"end":{"line":159,"column":47}},"type":"binary-expr","locations":[{"start":{"line":159,"column":19},"end":{"line":159,"column":31}},{"start":{"line":159,"column":35},"end":{"line":159,"column":47}}],"line":159},"18":{"loc":{"start":{"line":176,"column":8},"end":{"line":180,"column":9}},"type":"if","locations":[{"start":{"line":176,"column":8},"end":{"line":180,"column":9}},{"start":{"line":178,"column":13},"end":{"line":180,"column":9}}],"line":176},"19":{"loc":{"start":{"line":202,"column":17},"end":{"line":202,"column":28}},"type":"default-arg","locations":[{"start":{"line":202,"column":24},"end":{"line":202,"column":28}}],"line":202},"20":{"loc":{"start":{"line":207,"column":4},"end":{"line":247,"column":5}},"type":"if","locations":[{"start":{"line":207,"column":4},"end":{"line":247,"column":5}},{"start":{"line":226,"column":9},"end":{"line":247,"column":5}}],"line":207},"21":{"loc":{"start":{"line":211,"column":8},"end":{"line":224,"column":9}},"type":"if","locations":[{"start":{"line":211,"column":8},"end":{"line":224,"column":9}},{"start":{"line":220,"column":13},"end":{"line":224,"column":9}}],"line":211},"22":{"loc":{"start":{"line":231,"column":8},"end":{"line":246,"column":9}},"type":"if","locations":[{"start":{"line":231,"column":8},"end":{"line":246,"column":9}},{"start":{"line":241,"column":13},"end":{"line":246,"column":9}}],"line":231}},"s":{"0":44,"1":44,"2":44,"3":44,"4":44,"5":56,"6":4,"7":3,"8":1,"9":0,"10":0,"11":0,"12":18,"13":18,"14":18,"15":18,"16":18,"17":18,"18":180,"19":180,"20":180,"21":44,"22":44,"23":44,"24":41,"25":44,"26":44,"27":14,"28":14,"29":55,"30":0,"31":30,"32":30,"33":106,"34":3,"35":41,"36":42,"37":42,"38":15,"39":14,"40":14,"41":14,"42":14,"43":55,"44":55,"45":14,"46":0,"47":1,"48":27,"49":26,"50":26,"51":25,"52":25,"53":93,"54":93,"55":25,"56":1,"57":1,"58":7,"59":2,"60":2,"61":463,"62":463,"63":463,"64":230,"65":230,"66":884,"67":233,"68":233,"69":943,"70":463,"71":161,"72":463,"73":463,"74":1737,"75":56,"76":56,"77":56,"78":105,"79":105,"80":105,"81":2,"82":4,"83":2,"84":1,"85":1,"86":1,"87":1,"88":1,"89":10,"90":10,"91":100,"92":100,"93":100,"94":0,"95":0,"96":0,"97":0,"98":0,"99":0,"100":0,"101":0,"102":0,"103":0,"104":0,"105":0,"106":0,"107":0,"108":0,"109":0,"110":0,"111":0,"112":0,"113":0,"114":0,"115":0,"116":0,"117":0,"118":0,"119":0,"120":0,"121":0,"122":0,"123":0},"f":{"0":44,"1":56,"2":4,"3":0,"4":18,"5":44,"6":44,"7":42,"8":7,"9":2,"10":2,"11":463,"12":161,"13":2,"14":4,"15":1,"16":0,"17":0},"b":{"0":[30],"1":[3,1],"2":[0,0],"3":[41,3],"4":[44,43,41],"5":[30],"6":[14,30],"7":[0,55],"8":[3,103],"9":[22],"10":[15,27],"11":[14,1],"12":[14,0],"13":[26,1],"14":[25,1],"15":[230,233],"16":[56,1681],"17":[1737,456],"18":[1,1],"19":[0],"20":[0,0],"21":[0,0],"22":[0,0]},"_coverageSchema":"1a1c01bbd47fc00a2c39e90264f33305004495a9","hash":"d56bf539f6a90e9890be948f3611ab64a737f817"}
}
