{"C:\\Users\\User\\Documents\\Webslinger\\TOP\\Battleships\\Battleships\\src\\battleship.js": {"path":"C:\\Users\\User\\Documents\\Webslinger\\TOP\\Battleships\\Battleships\\src\\battleship.js","statementMap":{"0":{"start":{"line":3,"column":8},"end":{"line":3,"column":25}},"1":{"start":{"line":4,"column":8},"end":{"line":4,"column":21}},"2":{"start":{"line":5,"column":8},"end":{"line":5,"column":23}},"3":{"start":{"line":6,"column":8},"end":{"line":6,"column":25}},"4":{"start":{"line":7,"column":8},"end":{"line":7,"column":29}},"5":{"start":{"line":11,"column":8},"end":{"line":11,"column":19}},"6":{"start":{"line":15,"column":8},"end":{"line":19,"column":9}},"7":{"start":{"line":16,"column":12},"end":{"line":16,"column":24}},"8":{"start":{"line":18,"column":12},"end":{"line":18,"column":25}},"9":{"start":{"line":23,"column":16},"end":{"line":23,"column":27}},"10":{"start":{"line":24,"column":20},"end":{"line":24,"column":67}},"11":{"start":{"line":25,"column":8},"end":{"line":25,"column":21}},"12":{"start":{"line":33,"column":8},"end":{"line":33,"column":24}},"13":{"start":{"line":34,"column":8},"end":{"line":34,"column":24}},"14":{"start":{"line":35,"column":8},"end":{"line":35,"column":23}},"15":{"start":{"line":36,"column":8},"end":{"line":36,"column":26}},"16":{"start":{"line":37,"column":8},"end":{"line":41,"column":9}},"17":{"start":{"line":37,"column":20},"end":{"line":37,"column":21}},"18":{"start":{"line":38,"column":12},"end":{"line":38,"column":51}},"19":{"start":{"line":39,"column":12},"end":{"line":39,"column":53}},"20":{"start":{"line":40,"column":12},"end":{"line":40,"column":50}},"21":{"start":{"line":45,"column":20},"end":{"line":45,"column":100}},"22":{"start":{"line":46,"column":21},"end":{"line":46,"column":26}},"23":{"start":{"line":47,"column":8},"end":{"line":49,"column":9}},"24":{"start":{"line":48,"column":10},"end":{"line":48,"column":24}},"25":{"start":{"line":51,"column":8},"end":{"line":51,"column":22}},"26":{"start":{"line":55,"column":20},"end":{"line":55,"column":24}},"27":{"start":{"line":57,"column":6},"end":{"line":71,"column":7}},"28":{"start":{"line":58,"column":8},"end":{"line":62,"column":9}},"29":{"start":{"line":58,"column":20},"end":{"line":58,"column":21}},"30":{"start":{"line":59,"column":12},"end":{"line":61,"column":13}},"31":{"start":{"line":60,"column":16},"end":{"line":60,"column":30}},"32":{"start":{"line":65,"column":10},"end":{"line":69,"column":11}},"33":{"start":{"line":65,"column":22},"end":{"line":65,"column":23}},"34":{"start":{"line":66,"column":12},"end":{"line":68,"column":13}},"35":{"start":{"line":67,"column":16},"end":{"line":67,"column":30}},"36":{"start":{"line":73,"column":6},"end":{"line":73,"column":19}},"37":{"start":{"line":77,"column":21},"end":{"line":77,"column":24}},"38":{"start":{"line":83,"column":8},"end":{"line":123,"column":9}},"39":{"start":{"line":85,"column":10},"end":{"line":102,"column":11}},"40":{"start":{"line":86,"column":23},"end":{"line":86,"column":55}},"41":{"start":{"line":89,"column":12},"end":{"line":98,"column":13}},"42":{"start":{"line":90,"column":16},"end":{"line":93,"column":17}},"43":{"start":{"line":90,"column":28},"end":{"line":90,"column":29}},"44":{"start":{"line":91,"column":20},"end":{"line":91,"column":41}},"45":{"start":{"line":92,"column":20},"end":{"line":92,"column":24}},"46":{"start":{"line":94,"column":16},"end":{"line":94,"column":38}},"47":{"start":{"line":97,"column":14},"end":{"line":97,"column":58}},"48":{"start":{"line":101,"column":12},"end":{"line":101,"column":61}},"49":{"start":{"line":107,"column":12},"end":{"line":122,"column":13}},"50":{"start":{"line":108,"column":27},"end":{"line":108,"column":54}},"51":{"start":{"line":111,"column":16},"end":{"line":119,"column":17}},"52":{"start":{"line":112,"column":20},"end":{"line":115,"column":21}},"53":{"start":{"line":112,"column":32},"end":{"line":112,"column":33}},"54":{"start":{"line":113,"column":24},"end":{"line":113,"column":45}},"55":{"start":{"line":114,"column":24},"end":{"line":114,"column":28}},"56":{"start":{"line":116,"column":20},"end":{"line":116,"column":42}},"57":{"start":{"line":118,"column":20},"end":{"line":118,"column":64}},"58":{"start":{"line":121,"column":16},"end":{"line":121,"column":65}},"59":{"start":{"line":127,"column":8},"end":{"line":127,"column":26}},"60":{"start":{"line":131,"column":8},"end":{"line":131,"column":25}},"61":{"start":{"line":135,"column":8},"end":{"line":135,"column":28}},"62":{"start":{"line":139,"column":20},"end":{"line":139,"column":22}},"63":{"start":{"line":140,"column":25},"end":{"line":140,"column":33}},"64":{"start":{"line":142,"column":8},"end":{"line":150,"column":9}},"65":{"start":{"line":143,"column":12},"end":{"line":145,"column":13}},"66":{"start":{"line":143,"column":24},"end":{"line":143,"column":25}},"67":{"start":{"line":144,"column":16},"end":{"line":144,"column":50}},"68":{"start":{"line":147,"column":12},"end":{"line":149,"column":13}},"69":{"start":{"line":147,"column":24},"end":{"line":147,"column":25}},"70":{"start":{"line":148,"column":14},"end":{"line":148,"column":49}},"71":{"start":{"line":152,"column":8},"end":{"line":152,"column":21}},"72":{"start":{"line":156,"column":21},"end":{"line":156,"column":26}},"73":{"start":{"line":157,"column":8},"end":{"line":173,"column":9}},"74":{"start":{"line":160,"column":34},"end":{"line":160,"column":53}},"75":{"start":{"line":163,"column":12},"end":{"line":170,"column":13}},"76":{"start":{"line":164,"column":16},"end":{"line":169,"column":17}},"77":{"start":{"line":165,"column":20},"end":{"line":165,"column":34}},"78":{"start":{"line":166,"column":20},"end":{"line":166,"column":40}},"79":{"start":{"line":167,"column":20},"end":{"line":167,"column":34}},"80":{"start":{"line":168,"column":20},"end":{"line":168,"column":26}},"81":{"start":{"line":172,"column":12},"end":{"line":172,"column":29}},"82":{"start":{"line":172,"column":23},"end":{"line":172,"column":29}},"83":{"start":{"line":176,"column":8},"end":{"line":178,"column":9}},"84":{"start":{"line":177,"column":12},"end":{"line":177,"column":35}},"85":{"start":{"line":180,"column":8},"end":{"line":180,"column":22}},"86":{"start":{"line":185,"column":20},"end":{"line":185,"column":61}},"87":{"start":{"line":185,"column":47},"end":{"line":185,"column":60}},"88":{"start":{"line":186,"column":8},"end":{"line":190,"column":9}},"89":{"start":{"line":187,"column":12},"end":{"line":187,"column":24}},"90":{"start":{"line":189,"column":12},"end":{"line":189,"column":25}},"91":{"start":{"line":194,"column":8},"end":{"line":194,"column":24}},"92":{"start":{"line":195,"column":8},"end":{"line":201,"column":9}},"93":{"start":{"line":195,"column":20},"end":{"line":195,"column":21}},"94":{"start":{"line":196,"column":12},"end":{"line":200,"column":13}},"95":{"start":{"line":196,"column":24},"end":{"line":196,"column":25}},"96":{"start":{"line":197,"column":16},"end":{"line":197,"column":37}},"97":{"start":{"line":198,"column":16},"end":{"line":198,"column":39}},"98":{"start":{"line":199,"column":16},"end":{"line":199,"column":36}},"99":{"start":{"line":207,"column":8},"end":{"line":207,"column":25}},"100":{"start":{"line":208,"column":8},"end":{"line":208,"column":41}},"101":{"start":{"line":213,"column":12},"end":{"line":213,"column":13}},"102":{"start":{"line":213,"column":19},"end":{"line":213,"column":20}},"103":{"start":{"line":214,"column":15},"end":{"line":214,"column":27}},"104":{"start":{"line":215,"column":15},"end":{"line":215,"column":41}},"105":{"start":{"line":217,"column":4},"end":{"line":270,"column":5}},"106":{"start":{"line":218,"column":21},"end":{"line":218,"column":25}},"107":{"start":{"line":220,"column":8},"end":{"line":247,"column":9}},"108":{"start":{"line":222,"column":10},"end":{"line":222,"column":28}},"109":{"start":{"line":223,"column":10},"end":{"line":223,"column":29}},"110":{"start":{"line":224,"column":10},"end":{"line":224,"column":22}},"111":{"start":{"line":226,"column":14},"end":{"line":247,"column":9}},"112":{"start":{"line":228,"column":10},"end":{"line":228,"column":28}},"113":{"start":{"line":229,"column":10},"end":{"line":229,"column":29}},"114":{"start":{"line":230,"column":10},"end":{"line":230,"column":22}},"115":{"start":{"line":233,"column":12},"end":{"line":233,"column":47}},"116":{"start":{"line":234,"column":12},"end":{"line":234,"column":47}},"117":{"start":{"line":236,"column":12},"end":{"line":241,"column":13}},"118":{"start":{"line":237,"column":16},"end":{"line":240,"column":17}},"119":{"start":{"line":238,"column":20},"end":{"line":238,"column":55}},"120":{"start":{"line":239,"column":20},"end":{"line":239,"column":55}},"121":{"start":{"line":243,"column":12},"end":{"line":243,"column":26}},"122":{"start":{"line":244,"column":12},"end":{"line":244,"column":27}},"123":{"start":{"line":245,"column":12},"end":{"line":245,"column":24}},"124":{"start":{"line":251,"column":8},"end":{"line":251,"column":43}},"125":{"start":{"line":252,"column":8},"end":{"line":252,"column":43}},"126":{"start":{"line":254,"column":8},"end":{"line":269,"column":9}},"127":{"start":{"line":255,"column":12},"end":{"line":258,"column":13}},"128":{"start":{"line":256,"column":16},"end":{"line":256,"column":51}},"129":{"start":{"line":257,"column":16},"end":{"line":257,"column":51}},"130":{"start":{"line":260,"column":12},"end":{"line":260,"column":26}},"131":{"start":{"line":261,"column":12},"end":{"line":261,"column":27}},"132":{"start":{"line":262,"column":12},"end":{"line":262,"column":24}},"133":{"start":{"line":266,"column":13},"end":{"line":266,"column":27}},"134":{"start":{"line":267,"column":13},"end":{"line":267,"column":28}},"135":{"start":{"line":268,"column":13},"end":{"line":268,"column":25}}},"fnMap":{"0":{"name":"(anonymous_0)","decl":{"start":{"line":2,"column":4},"end":{"line":2,"column":5}},"loc":{"start":{"line":2,"column":46},"end":{"line":8,"column":5}},"line":2},"1":{"name":"(anonymous_1)","decl":{"start":{"line":10,"column":4},"end":{"line":10,"column":5}},"loc":{"start":{"line":10,"column":12},"end":{"line":12,"column":5}},"line":10},"2":{"name":"(anonymous_2)","decl":{"start":{"line":14,"column":4},"end":{"line":14,"column":5}},"loc":{"start":{"line":14,"column":12},"end":{"line":20,"column":5}},"line":14},"3":{"name":"(anonymous_3)","decl":{"start":{"line":22,"column":4},"end":{"line":22,"column":5}},"loc":{"start":{"line":22,"column":12},"end":{"line":26,"column":5}},"line":22},"4":{"name":"(anonymous_4)","decl":{"start":{"line":32,"column":4},"end":{"line":32,"column":5}},"loc":{"start":{"line":32,"column":17},"end":{"line":42,"column":5}},"line":32},"5":{"name":"(anonymous_5)","decl":{"start":{"line":44,"column":4},"end":{"line":44,"column":5}},"loc":{"start":{"line":44,"column":41},"end":{"line":52,"column":5}},"line":44},"6":{"name":"(anonymous_6)","decl":{"start":{"line":54,"column":4},"end":{"line":54,"column":5}},"loc":{"start":{"line":54,"column":38},"end":{"line":74,"column":5}},"line":54},"7":{"name":"(anonymous_7)","decl":{"start":{"line":76,"column":4},"end":{"line":76,"column":5}},"loc":{"start":{"line":76,"column":40},"end":{"line":124,"column":5}},"line":76},"8":{"name":"(anonymous_8)","decl":{"start":{"line":126,"column":4},"end":{"line":126,"column":5}},"loc":{"start":{"line":126,"column":13},"end":{"line":128,"column":5}},"line":126},"9":{"name":"(anonymous_9)","decl":{"start":{"line":130,"column":4},"end":{"line":130,"column":5}},"loc":{"start":{"line":130,"column":13},"end":{"line":132,"column":5}},"line":130},"10":{"name":"(anonymous_10)","decl":{"start":{"line":134,"column":4},"end":{"line":134,"column":5}},"loc":{"start":{"line":134,"column":15},"end":{"line":136,"column":5}},"line":134},"11":{"name":"(anonymous_11)","decl":{"start":{"line":138,"column":4},"end":{"line":138,"column":5}},"loc":{"start":{"line":138,"column":18},"end":{"line":153,"column":5}},"line":138},"12":{"name":"(anonymous_12)","decl":{"start":{"line":155,"column":4},"end":{"line":155,"column":5}},"loc":{"start":{"line":155,"column":23},"end":{"line":181,"column":5}},"line":155},"13":{"name":"(anonymous_13)","decl":{"start":{"line":183,"column":4},"end":{"line":183,"column":5}},"loc":{"start":{"line":183,"column":10},"end":{"line":191,"column":5}},"line":183},"14":{"name":"(anonymous_14)","decl":{"start":{"line":185,"column":37},"end":{"line":185,"column":38}},"loc":{"start":{"line":185,"column":47},"end":{"line":185,"column":60}},"line":185},"15":{"name":"(anonymous_15)","decl":{"start":{"line":193,"column":4},"end":{"line":193,"column":5}},"loc":{"start":{"line":193,"column":11},"end":{"line":202,"column":5}},"line":193},"16":{"name":"(anonymous_16)","decl":{"start":{"line":206,"column":4},"end":{"line":206,"column":5}},"loc":{"start":{"line":206,"column":21},"end":{"line":209,"column":5}},"line":206},"17":{"name":"celebro","decl":{"start":{"line":212,"column":9},"end":{"line":212,"column":16}},"loc":{"start":{"line":212,"column":37},"end":{"line":272,"column":1}},"line":212}},"branchMap":{"0":{"loc":{"start":{"line":2,"column":35},"end":{"line":2,"column":45}},"type":"default-arg","locations":[{"start":{"line":2,"column":42},"end":{"line":2,"column":45}}],"line":2},"1":{"loc":{"start":{"line":15,"column":8},"end":{"line":19,"column":9}},"type":"if","locations":[{"start":{"line":15,"column":8},"end":{"line":19,"column":9}},{"start":{"line":17,"column":13},"end":{"line":19,"column":9}}],"line":15},"2":{"loc":{"start":{"line":24,"column":20},"end":{"line":24,"column":67}},"type":"cond-expr","locations":[{"start":{"line":24,"column":40},"end":{"line":24,"column":60}},{"start":{"line":24,"column":63},"end":{"line":24,"column":67}}],"line":24},"3":{"loc":{"start":{"line":44,"column":30},"end":{"line":44,"column":40}},"type":"default-arg","locations":[{"start":{"line":44,"column":37},"end":{"line":44,"column":40}}],"line":44},"4":{"loc":{"start":{"line":45,"column":20},"end":{"line":45,"column":100}},"type":"cond-expr","locations":[{"start":{"line":45,"column":35},"end":{"line":45,"column":66}},{"start":{"line":45,"column":69},"end":{"line":45,"column":100}}],"line":45},"5":{"loc":{"start":{"line":47,"column":8},"end":{"line":49,"column":9}},"type":"if","locations":[{"start":{"line":47,"column":8},"end":{"line":49,"column":9}},{"start":{},"end":{}}],"line":47},"6":{"loc":{"start":{"line":47,"column":11},"end":{"line":47,"column":36}},"type":"binary-expr","locations":[{"start":{"line":47,"column":12},"end":{"line":47,"column":17}},{"start":{"line":47,"column":21},"end":{"line":47,"column":26}},{"start":{"line":47,"column":31},"end":{"line":47,"column":36}}],"line":47},"7":{"loc":{"start":{"line":54,"column":27},"end":{"line":54,"column":37}},"type":"default-arg","locations":[{"start":{"line":54,"column":34},"end":{"line":54,"column":37}}],"line":54},"8":{"loc":{"start":{"line":57,"column":6},"end":{"line":71,"column":7}},"type":"if","locations":[{"start":{"line":57,"column":6},"end":{"line":71,"column":7}},{"start":{"line":63,"column":11},"end":{"line":71,"column":7}}],"line":57},"9":{"loc":{"start":{"line":59,"column":12},"end":{"line":61,"column":13}},"type":"if","locations":[{"start":{"line":59,"column":12},"end":{"line":61,"column":13}},{"start":{},"end":{}}],"line":59},"10":{"loc":{"start":{"line":66,"column":12},"end":{"line":68,"column":13}},"type":"if","locations":[{"start":{"line":66,"column":12},"end":{"line":68,"column":13}},{"start":{},"end":{}}],"line":66},"11":{"loc":{"start":{"line":76,"column":29},"end":{"line":76,"column":39}},"type":"default-arg","locations":[{"start":{"line":76,"column":36},"end":{"line":76,"column":39}}],"line":76},"12":{"loc":{"start":{"line":83,"column":8},"end":{"line":123,"column":9}},"type":"if","locations":[{"start":{"line":83,"column":8},"end":{"line":123,"column":9}},{"start":{"line":104,"column":13},"end":{"line":123,"column":9}}],"line":83},"13":{"loc":{"start":{"line":85,"column":10},"end":{"line":102,"column":11}},"type":"if","locations":[{"start":{"line":85,"column":10},"end":{"line":102,"column":11}},{"start":{"line":100,"column":15},"end":{"line":102,"column":11}}],"line":85},"14":{"loc":{"start":{"line":89,"column":12},"end":{"line":98,"column":13}},"type":"if","locations":[{"start":{"line":89,"column":12},"end":{"line":98,"column":13}},{"start":{"line":96,"column":17},"end":{"line":98,"column":13}}],"line":89},"15":{"loc":{"start":{"line":107,"column":12},"end":{"line":122,"column":13}},"type":"if","locations":[{"start":{"line":107,"column":12},"end":{"line":122,"column":13}},{"start":{"line":120,"column":17},"end":{"line":122,"column":13}}],"line":107},"16":{"loc":{"start":{"line":111,"column":16},"end":{"line":119,"column":17}},"type":"if","locations":[{"start":{"line":111,"column":16},"end":{"line":119,"column":17}},{"start":{"line":117,"column":21},"end":{"line":119,"column":17}}],"line":111},"17":{"loc":{"start":{"line":142,"column":8},"end":{"line":150,"column":9}},"type":"if","locations":[{"start":{"line":142,"column":8},"end":{"line":150,"column":9}},{"start":{"line":146,"column":13},"end":{"line":150,"column":9}}],"line":142},"18":{"loc":{"start":{"line":164,"column":16},"end":{"line":169,"column":17}},"type":"if","locations":[{"start":{"line":164,"column":16},"end":{"line":169,"column":17}},{"start":{},"end":{}}],"line":164},"19":{"loc":{"start":{"line":164,"column":19},"end":{"line":164,"column":47}},"type":"binary-expr","locations":[{"start":{"line":164,"column":19},"end":{"line":164,"column":31}},{"start":{"line":164,"column":35},"end":{"line":164,"column":47}}],"line":164},"20":{"loc":{"start":{"line":172,"column":12},"end":{"line":172,"column":29}},"type":"if","locations":[{"start":{"line":172,"column":12},"end":{"line":172,"column":29}},{"start":{},"end":{}}],"line":172},"21":{"loc":{"start":{"line":176,"column":8},"end":{"line":178,"column":9}},"type":"if","locations":[{"start":{"line":176,"column":8},"end":{"line":178,"column":9}},{"start":{},"end":{}}],"line":176},"22":{"loc":{"start":{"line":186,"column":8},"end":{"line":190,"column":9}},"type":"if","locations":[{"start":{"line":186,"column":8},"end":{"line":190,"column":9}},{"start":{"line":188,"column":13},"end":{"line":190,"column":9}}],"line":186},"23":{"loc":{"start":{"line":212,"column":17},"end":{"line":212,"column":28}},"type":"default-arg","locations":[{"start":{"line":212,"column":24},"end":{"line":212,"column":28}}],"line":212},"24":{"loc":{"start":{"line":217,"column":4},"end":{"line":270,"column":5}},"type":"if","locations":[{"start":{"line":217,"column":4},"end":{"line":270,"column":5}},{"start":{"line":249,"column":9},"end":{"line":270,"column":5}}],"line":217},"25":{"loc":{"start":{"line":220,"column":8},"end":{"line":247,"column":9}},"type":"if","locations":[{"start":{"line":220,"column":8},"end":{"line":247,"column":9}},{"start":{"line":226,"column":14},"end":{"line":247,"column":9}}],"line":220},"26":{"loc":{"start":{"line":220,"column":11},"end":{"line":220,"column":46}},"type":"binary-expr","locations":[{"start":{"line":220,"column":11},"end":{"line":220,"column":31}},{"start":{"line":220,"column":35},"end":{"line":220,"column":46}}],"line":220},"27":{"loc":{"start":{"line":226,"column":14},"end":{"line":247,"column":9}},"type":"if","locations":[{"start":{"line":226,"column":14},"end":{"line":247,"column":9}},{"start":{"line":232,"column":13},"end":{"line":247,"column":9}}],"line":226},"28":{"loc":{"start":{"line":226,"column":17},"end":{"line":226,"column":52}},"type":"binary-expr","locations":[{"start":{"line":226,"column":17},"end":{"line":226,"column":37}},{"start":{"line":226,"column":41},"end":{"line":226,"column":52}}],"line":226},"29":{"loc":{"start":{"line":236,"column":12},"end":{"line":241,"column":13}},"type":"if","locations":[{"start":{"line":236,"column":12},"end":{"line":241,"column":13}},{"start":{},"end":{}}],"line":236},"30":{"loc":{"start":{"line":254,"column":8},"end":{"line":269,"column":9}},"type":"if","locations":[{"start":{"line":254,"column":8},"end":{"line":269,"column":9}},{"start":{"line":264,"column":13},"end":{"line":269,"column":9}}],"line":254}},"s":{"0":39,"1":39,"2":39,"3":39,"4":39,"5":50,"6":4,"7":3,"8":1,"9":0,"10":0,"11":0,"12":18,"13":18,"14":18,"15":18,"16":18,"17":18,"18":180,"19":180,"20":180,"21":39,"22":39,"23":39,"24":36,"25":39,"26":39,"27":39,"28":9,"29":9,"30":38,"31":0,"32":30,"33":30,"34":116,"35":11,"36":39,"37":37,"38":37,"39":10,"40":9,"41":9,"42":9,"43":9,"44":38,"45":38,"46":9,"47":0,"48":1,"49":27,"50":26,"51":26,"52":25,"53":25,"54":93,"55":93,"56":25,"57":1,"58":1,"59":4,"60":2,"61":2,"62":436,"63":436,"64":436,"65":219,"66":219,"67":841,"68":217,"69":217,"70":883,"71":436,"72":152,"73":152,"74":436,"75":436,"76":1643,"77":50,"78":50,"79":50,"80":50,"81":436,"82":50,"83":152,"84":102,"85":152,"86":2,"87":4,"88":2,"89":1,"90":1,"91":1,"92":1,"93":1,"94":10,"95":10,"96":100,"97":100,"98":100,"99":1,"100":1,"101":0,"102":0,"103":0,"104":0,"105":0,"106":0,"107":0,"108":0,"109":0,"110":0,"111":0,"112":0,"113":0,"114":0,"115":0,"116":0,"117":0,"118":0,"119":0,"120":0,"121":0,"122":0,"123":0,"124":0,"125":0,"126":0,"127":0,"128":0,"129":0,"130":0,"131":0,"132":0,"133":0,"134":0,"135":0},"f":{"0":39,"1":50,"2":4,"3":0,"4":18,"5":39,"6":39,"7":37,"8":4,"9":2,"10":2,"11":436,"12":152,"13":2,"14":4,"15":1,"16":1,"17":0},"b":{"0":[30],"1":[3,1],"2":[0,0],"3":[29],"4":[29,10],"5":[36,3],"6":[39,38,36],"7":[30],"8":[9,30],"9":[0,38],"10":[11,105],"11":[22],"12":[10,27],"13":[9,1],"14":[9,0],"15":[26,1],"16":[25,1],"17":[219,217],"18":[50,1593],"19":[1643,438],"20":[50,386],"21":[102,50],"22":[1,1],"23":[0],"24":[0,0],"25":[0,0],"26":[0,0],"27":[0,0],"28":[0,0],"29":[0,0],"30":[0,0]},"_coverageSchema":"1a1c01bbd47fc00a2c39e90264f33305004495a9","hash":"b11bd7932f8d8ba59cc0e87f85d2dd85b7229034"}
}
