TN:
SF:src\battleship.js
FN:2,(anonymous_0)
FN:10,(anonymous_1)
FN:14,(anonymous_2)
FN:22,(anonymous_3)
FN:32,(anonymous_4)
FN:44,(anonymous_5)
FN:54,(anonymous_6)
FN:76,(anonymous_7)
FN:126,(anonymous_8)
FN:130,(anonymous_9)
FN:134,(anonymous_10)
FN:138,(anonymous_11)
FN:155,(anonymous_12)
FN:183,(anonymous_13)
FN:185,(anonymous_14)
FN:193,(anonymous_15)
FN:206,(anonymous_16)
FN:212,celebro
FNF:18
FNH:16
FNDA:39,(anonymous_0)
FNDA:50,(anonymous_1)
FNDA:4,(anonymous_2)
FNDA:0,(anonymous_3)
FNDA:18,(anonymous_4)
FNDA:39,(anonymous_5)
FNDA:39,(anonymous_6)
FNDA:37,(anonymous_7)
FNDA:4,(anonymous_8)
FNDA:2,(anonymous_9)
FNDA:2,(anonymous_10)
FNDA:436,(anonymous_11)
FNDA:152,(anonymous_12)
FNDA:2,(anonymous_13)
FNDA:4,(anonymous_14)
FNDA:1,(anonymous_15)
FNDA:1,(anonymous_16)
FNDA:0,celebro
DA:3,39
DA:4,39
DA:5,39
DA:6,39
DA:7,39
DA:11,50
DA:15,4
DA:16,3
DA:18,1
DA:23,0
DA:24,0
DA:25,0
DA:33,18
DA:34,18
DA:35,18
DA:36,18
DA:37,18
DA:38,180
DA:39,180
DA:40,180
DA:45,39
DA:46,39
DA:47,39
DA:48,36
DA:51,39
DA:55,39
DA:57,39
DA:58,9
DA:59,38
DA:60,0
DA:65,30
DA:66,116
DA:67,11
DA:73,39
DA:77,37
DA:83,37
DA:85,10
DA:86,9
DA:89,9
DA:90,9
DA:91,38
DA:92,38
DA:94,9
DA:97,0
DA:101,1
DA:107,27
DA:108,26
DA:111,26
DA:112,25
DA:113,93
DA:114,93
DA:116,25
DA:118,1
DA:121,1
DA:127,4
DA:131,2
DA:135,2
DA:139,436
DA:140,436
DA:142,436
DA:143,219
DA:144,841
DA:147,217
DA:148,883
DA:152,436
DA:156,152
DA:157,152
DA:160,436
DA:163,436
DA:164,1643
DA:165,50
DA:166,50
DA:167,50
DA:168,50
DA:172,436
DA:176,152
DA:177,102
DA:180,152
DA:185,4
DA:186,2
DA:187,1
DA:189,1
DA:194,1
DA:195,1
DA:196,10
DA:197,100
DA:198,100
DA:199,100
DA:207,1
DA:208,1
DA:213,0
DA:214,0
DA:215,0
DA:217,0
DA:218,0
DA:220,0
DA:222,0
DA:223,0
DA:224,0
DA:226,0
DA:228,0
DA:229,0
DA:230,0
DA:233,0
DA:234,0
DA:236,0
DA:237,0
DA:238,0
DA:239,0
DA:243,0
DA:244,0
DA:245,0
DA:251,0
DA:252,0
DA:254,0
DA:255,0
DA:256,0
DA:257,0
DA:260,0
DA:261,0
DA:262,0
DA:266,0
DA:267,0
DA:268,0
LF:124
LH:85
BRDA:2,0,0,30
BRDA:15,1,0,3
BRDA:15,1,1,1
BRDA:24,2,0,0
BRDA:24,2,1,0
BRDA:44,3,0,29
BRDA:45,4,0,29
BRDA:45,4,1,10
BRDA:47,5,0,36
BRDA:47,5,1,3
BRDA:47,6,0,39
BRDA:47,6,1,38
BRDA:47,6,2,36
BRDA:54,7,0,30
BRDA:57,8,0,9
BRDA:57,8,1,30
BRDA:59,9,0,0
BRDA:59,9,1,38
BRDA:66,10,0,11
BRDA:66,10,1,105
BRDA:76,11,0,22
BRDA:83,12,0,10
BRDA:83,12,1,27
BRDA:85,13,0,9
BRDA:85,13,1,1
BRDA:89,14,0,9
BRDA:89,14,1,0
BRDA:107,15,0,26
BRDA:107,15,1,1
BRDA:111,16,0,25
BRDA:111,16,1,1
BRDA:142,17,0,219
BRDA:142,17,1,217
BRDA:164,18,0,50
BRDA:164,18,1,1593
BRDA:164,19,0,1643
BRDA:164,19,1,438
BRDA:172,20,0,50
BRDA:172,20,1,386
BRDA:176,21,0,102
BRDA:176,21,1,50
BRDA:186,22,0,1
BRDA:186,22,1,1
BRDA:212,23,0,0
BRDA:217,24,0,0
BRDA:217,24,1,0
BRDA:220,25,0,0
BRDA:220,25,1,0
BRDA:220,26,0,0
BRDA:220,26,1,0
BRDA:226,27,0,0
BRDA:226,27,1,0
BRDA:226,28,0,0
BRDA:226,28,1,0
BRDA:236,29,0,0
BRDA:236,29,1,0
BRDA:254,30,0,0
BRDA:254,30,1,0
BRF:58
BRH:39
end_of_record
