TN:
SF:src\battleship.js
FN:2,(anonymous_0)
FN:10,(anonymous_1)
FN:14,(anonymous_2)
FN:22,(anonymous_3)
FN:32,(anonymous_4)
FN:44,(anonymous_5)
FN:54,(anonymous_6)
FN:75,(anonymous_7)
FN:125,(anonymous_8)
FN:129,(anonymous_9)
FN:133,(anonymous_10)
FN:137,(anonymous_11)
FN:154,(anonymous_12)
FN:173,(anonymous_13)
FN:175,(anonymous_14)
FN:183,(anonymous_15)
FN:196,(anonymous_16)
FN:202,celebro
FNF:18
FNH:15
FNDA:44,(anonymous_0)
FNDA:56,(anonymous_1)
FNDA:4,(anonymous_2)
FNDA:0,(anonymous_3)
FNDA:18,(anonymous_4)
FNDA:44,(anonymous_5)
FNDA:44,(anonymous_6)
FNDA:42,(anonymous_7)
FNDA:7,(anonymous_8)
FNDA:2,(anonymous_9)
FNDA:2,(anonymous_10)
FNDA:463,(anonymous_11)
FNDA:161,(anonymous_12)
FNDA:2,(anonymous_13)
FNDA:4,(anonymous_14)
FNDA:1,(anonymous_15)
FNDA:0,(anonymous_16)
FNDA:0,celebro
DA:3,44
DA:4,44
DA:5,44
DA:6,44
DA:7,44
DA:11,56
DA:15,4
DA:16,3
DA:18,1
DA:23,0
DA:24,0
DA:25,0
DA:33,18
DA:34,18
DA:35,18
DA:36,18
DA:37,18
DA:38,180
DA:39,180
DA:40,180
DA:45,44
DA:46,44
DA:47,44
DA:48,41
DA:51,44
DA:56,44
DA:57,14
DA:58,55
DA:59,0
DA:64,30
DA:65,106
DA:66,3
DA:72,41
DA:76,42
DA:82,42
DA:84,15
DA:85,14
DA:88,14
DA:89,14
DA:90,55
DA:91,55
DA:93,14
DA:96,0
DA:100,1
DA:106,27
DA:107,26
DA:110,26
DA:111,25
DA:112,93
DA:113,93
DA:115,25
DA:117,1
DA:120,1
DA:126,7
DA:130,2
DA:134,2
DA:138,463
DA:139,463
DA:141,463
DA:142,230
DA:143,884
DA:146,233
DA:147,943
DA:151,463
DA:155,161
DA:156,463
DA:158,463
DA:159,1737
DA:160,56
DA:161,56
DA:162,56
DA:167,105
DA:168,105
DA:169,105
DA:175,4
DA:176,2
DA:177,1
DA:179,1
DA:184,1
DA:185,1
DA:186,10
DA:187,100
DA:188,100
DA:189,100
DA:197,0
DA:198,0
DA:203,0
DA:204,0
DA:205,0
DA:207,0
DA:208,0
DA:209,0
DA:211,0
DA:212,0
DA:213,0
DA:216,0
DA:217,0
DA:218,0
DA:221,0
DA:222,0
DA:223,0
DA:228,0
DA:229,0
DA:231,0
DA:232,0
DA:233,0
DA:234,0
DA:237,0
DA:238,0
DA:239,0
DA:243,0
DA:244,0
DA:245,0
LF:113
LH:79
BRDA:2,0,0,30
BRDA:15,1,0,3
BRDA:15,1,1,1
BRDA:24,2,0,0
BRDA:24,2,1,0
BRDA:47,3,0,41
BRDA:47,3,1,3
BRDA:47,4,0,44
BRDA:47,4,1,43
BRDA:47,4,2,41
BRDA:54,5,0,30
BRDA:56,6,0,14
BRDA:56,6,1,30
BRDA:58,7,0,0
BRDA:58,7,1,55
BRDA:65,8,0,3
BRDA:65,8,1,103
BRDA:75,9,0,22
BRDA:82,10,0,15
BRDA:82,10,1,27
BRDA:84,11,0,14
BRDA:84,11,1,1
BRDA:88,12,0,14
BRDA:88,12,1,0
BRDA:106,13,0,26
BRDA:106,13,1,1
BRDA:110,14,0,25
BRDA:110,14,1,1
BRDA:141,15,0,230
BRDA:141,15,1,233
BRDA:159,16,0,56
BRDA:159,16,1,1681
BRDA:159,17,0,1737
BRDA:159,17,1,456
BRDA:176,18,0,1
BRDA:176,18,1,1
BRDA:202,19,0,0
BRDA:207,20,0,0
BRDA:207,20,1,0
BRDA:211,21,0,0
BRDA:211,21,1,0
BRDA:231,22,0,0
BRDA:231,22,1,0
BRF:43
BRH:32
end_of_record
